<?xml version="1.0" encoding="UTF-8"?>
<!-- Generated by org.testng.reporters.JUnitXMLReporter -->
<testsuite ignored="0" hostname="YP1017673LT" failures="0" tests="1" name="Test1" time="2.138" errors="0" timestamp="2024-04-29T16:57:14 IST">
  <testcase classname="com.automation.base.Base" name="@BeforeMethod invoke" time="2.07">
    <failure type="org.openqa.selenium.SessionNotCreatedException" message="session not created: This version of ChromeDriver only supports Chrome version 109
Current browser version is 124.0.6367.63 with binary path C:\Program Files\Google\Chrome\Application\chrome.exe
Build info: version: &amp;apos;3.141.59&amp;apos;, revision: &amp;apos;e82be7d358&amp;apos;, time: &amp;apos;2018-11-14T08:17:03&amp;apos;
System info: host: &amp;apos;YP1017673LT&amp;apos;, ip: &amp;apos;10.8.101.13&amp;apos;, os.name: &amp;apos;Windows 11&amp;apos;, os.arch: &amp;apos;amd64&amp;apos;, os.version: &amp;apos;10.0&amp;apos;, java.version: &amp;apos;17.0.7&amp;apos;
Driver info: driver.version: ChromeDriver
remote stacktrace: Backtrace:
	(No symbol) [0x01184AD3]
	(No symbol) [0x01119211]
	(No symbol) [0x0100D9CD]
	(No symbol) [0x010326D1]
	(No symbol) [0x0102D3F0]
	(No symbol) [0x0102A659]
	(No symbol) [0x01066677]
	(No symbol) [0x010662BC]
	(No symbol) [0x0105F936]
	(No symbol) [0x01034788]
	(No symbol) [0x01035C1D]
	GetHandleVerifier [0x013F9342+2502274]
	GetHandleVerifier [0x01427959+2692249]
	GetHandleVerifier [0x0142ABDC+2705180]
	GetHandleVerifier [0x01233480+643008]
	(No symbol) [0x0112208F]
	(No symbol) [0x01127AB8]
	(No symbol) [0x01127BA5]
	(No symbol) [0x0113273B]
	BaseThreadInitThunk [0x766C7BA9+25]
	RtlInitializeExceptionChain [0x77B1BE3B+107]
	RtlClearBits [0x77B1BDBF+191]
">
      <![CDATA[org.openqa.selenium.SessionNotCreatedException: session not created: This version of ChromeDriver only supports Chrome version 109
Current browser version is 124.0.6367.63 with binary path C:\Program Files\Google\Chrome\Application\chrome.exe
Build info: version: '3.141.59', revision: 'e82be7d358', time: '2018-11-14T08:17:03'
System info: host: 'YP1017673LT', ip: '10.8.101.13', os.name: 'Windows 11', os.arch: 'amd64', os.version: '10.0', java.version: '17.0.7'
Driver info: driver.version: ChromeDriver
remote stacktrace: Backtrace:
(No symbol) [0x01184AD3]
(No symbol) [0x01119211]
(No symbol) [0x0100D9CD]
(No symbol) [0x010326D1]
(No symbol) [0x0102D3F0]
(No symbol) [0x0102A659]
(No symbol) [0x01066677]
(No symbol) [0x010662BC]
(No symbol) [0x0105F936]
(No symbol) [0x01034788]
(No symbol) [0x01035C1D]
GetHandleVerifier [0x013F9342+2502274]
GetHandleVerifier [0x01427959+2692249]
GetHandleVerifier [0x0142ABDC+2705180]
GetHandleVerifier [0x01233480+643008]
(No symbol) [0x0112208F]
(No symbol) [0x01127AB8]
(No symbol) [0x01127BA5]
(No symbol) [0x0113273B]
BaseThreadInitThunk [0x766C7BA9+25]
RtlInitializeExceptionChain [0x77B1BE3B+107]
RtlClearBits [0x77B1BDBF+191]

at org.openqa.selenium.remote.W3CHandshakeResponse.lambda$errorHandler$0(W3CHandshakeResponse.java:62)
at org.openqa.selenium.remote.HandshakeResponse.lambda$getResponseFunction$0(HandshakeResponse.java:30)
at org.openqa.selenium.remote.ProtocolHandshake.lambda$createSession$0(ProtocolHandshake.java:126)
at java.base/java.util.stream.ReferencePipeline$3$1.accept(ReferencePipeline.java:197)
at java.base/java.util.Spliterators$ArraySpliterator.tryAdvance(Spliterators.java:1002)
at java.base/java.util.stream.ReferencePipeline.forEachWithCancel(ReferencePipeline.java:129)
at java.base/java.util.stream.AbstractPipeline.copyIntoWithCancel(AbstractPipeline.java:527)
at java.base/java.util.stream.AbstractPipeline.copyInto(AbstractPipeline.java:513)
at java.base/java.util.stream.AbstractPipeline.wrapAndCopyInto(AbstractPipeline.java:499)
at java.base/java.util.stream.FindOps$FindOp.evaluateSequential(FindOps.java:150)
at java.base/java.util.stream.AbstractPipeline.evaluate(AbstractPipeline.java:234)
at java.base/java.util.stream.ReferencePipeline.findFirst(ReferencePipeline.java:647)
at org.openqa.selenium.remote.ProtocolHandshake.createSession(ProtocolHandshake.java:128)
at org.openqa.selenium.remote.ProtocolHandshake.createSession(ProtocolHandshake.java:74)
at org.openqa.selenium.remote.HttpCommandExecutor.execute(HttpCommandExecutor.java:136)
at org.openqa.selenium.remote.service.DriverCommandExecutor.execute(DriverCommandExecutor.java:83)
at org.openqa.selenium.remote.RemoteWebDriver.execute(RemoteWebDriver.java:552)
at org.openqa.selenium.remote.RemoteWebDriver.startSession(RemoteWebDriver.java:213)
at org.openqa.selenium.remote.RemoteWebDriver.<init>(RemoteWebDriver.java:131)
at org.openqa.selenium.chrome.ChromeDriver.<init>(ChromeDriver.java:181)
at org.openqa.selenium.chrome.ChromeDriver.<init>(ChromeDriver.java:168)
at org.openqa.selenium.chrome.ChromeDriver.<init>(ChromeDriver.java:157)
at com.automation.base.Base.Initialization(Base.java:38)
at com.automation.base.Base.invoke(Base.java:91)
at java.base/java.util.concurrent.ThreadPoolExecutor.runWorker(ThreadPoolExecutor.java:1136)
at java.base/java.util.concurrent.ThreadPoolExecutor$Worker.run(ThreadPoolExecutor.java:635)
at java.base/java.lang.Thread.run(Thread.java:833)
... Removed 21 stack frames]]>
    </failure>
  </testcase> <!-- @BeforeMethod invoke -->
  <testcase classname="com.automation.scripts.Purchase" name="verifyPurchasePage" time="0.0">
    <skipped/>
  </testcase> <!-- verifyPurchasePage -->
</testsuite> <!-- Test1 -->
